1
/var/spool/slurmd/job375427/slurm_script: line 15: ./MDpar.exe: No such file or directory

real	0m0.003s
user	0m0.001s
sys	0m0.001s
2
/var/spool/slurmd/job375427/slurm_script: line 15: ./MDpar.exe: No such file or directory

real	0m0.002s
user	0m0.001s
sys	0m0.000s
4
/var/spool/slurmd/job375427/slurm_script: line 15: ./MDpar.exe: No such file or directory

real	0m0.002s
user	0m0.000s
sys	0m0.001s
20
/var/spool/slurmd/job375427/slurm_script: line 15: ./MDpar.exe: No such file or directory

real	0m0.002s
user	0m0.001s
sys	0m0.001s
40
/var/spool/slurmd/job375427/slurm_script: line 15: ./MDpar.exe: No such file or directory

real	0m0.002s
user	0m0.000s
sys	0m0.001s
